  Card.cpp
C:\Users\dibussol\Desktop\ChrisSchool\Code-Documentation-Samples\GameDevelopment\GameArchitecture\Lab1_BlackJack\BlackJack\BlackJack\Card.h(4,10): warning C4067: unexpected tokens following preprocessor directive - expected a newline
C:\Users\dibussol\Desktop\ChrisSchool\Code-Documentation-Samples\GameDevelopment\GameArchitecture\Lab1_BlackJack\BlackJack\BlackJack\Card.cpp(3,10): warning C4067: unexpected tokens following preprocessor directive - expected a newline
  Dealer.cpp
C:\Users\dibussol\Desktop\ChrisSchool\Code-Documentation-Samples\GameDevelopment\GameArchitecture\Lab1_BlackJack\BlackJack\BlackJack\Player.h(3,10): warning C4067: unexpected tokens following preprocessor directive - expected a newline
C:\Users\dibussol\Desktop\ChrisSchool\Code-Documentation-Samples\GameDevelopment\GameArchitecture\Lab1_BlackJack\BlackJack\BlackJack\Player.h(4,10): warning C4067: unexpected tokens following preprocessor directive - expected a newline
C:\Users\dibussol\Desktop\ChrisSchool\Code-Documentation-Samples\GameDevelopment\GameArchitecture\Lab1_BlackJack\BlackJack\BlackJack\card.h(4,10): warning C4067: unexpected tokens following preprocessor directive - expected a newline
C:\Users\dibussol\Desktop\ChrisSchool\Code-Documentation-Samples\GameDevelopment\GameArchitecture\Lab1_BlackJack\BlackJack\BlackJack\Dealer.cpp(3,10): warning C4067: unexpected tokens following preprocessor directive - expected a newline
C:\Users\dibussol\Desktop\ChrisSchool\Code-Documentation-Samples\GameDevelopment\GameArchitecture\Lab1_BlackJack\BlackJack\BlackJack\Dealer.cpp(4,10): warning C4067: unexpected tokens following preprocessor directive - expected a newline
C:\Users\dibussol\Desktop\ChrisSchool\Code-Documentation-Samples\GameDevelopment\GameArchitecture\Lab1_BlackJack\BlackJack\BlackJack\Dealer.cpp(5,10): warning C4067: unexpected tokens following preprocessor directive - expected a newline
C:\Users\dibussol\Desktop\ChrisSchool\Code-Documentation-Samples\GameDevelopment\GameArchitecture\Lab1_BlackJack\BlackJack\BlackJack\Dealer.cpp(6,10): warning C4067: unexpected tokens following preprocessor directive - expected a newline
  Player.cpp
C:\Users\dibussol\Desktop\ChrisSchool\Code-Documentation-Samples\GameDevelopment\GameArchitecture\Lab1_BlackJack\BlackJack\BlackJack\Player.h(3,10): warning C4067: unexpected tokens following preprocessor directive - expected a newline
C:\Users\dibussol\Desktop\ChrisSchool\Code-Documentation-Samples\GameDevelopment\GameArchitecture\Lab1_BlackJack\BlackJack\BlackJack\Player.h(4,10): warning C4067: unexpected tokens following preprocessor directive - expected a newline
C:\Users\dibussol\Desktop\ChrisSchool\Code-Documentation-Samples\GameDevelopment\GameArchitecture\Lab1_BlackJack\BlackJack\BlackJack\card.h(4,10): warning C4067: unexpected tokens following preprocessor directive - expected a newline
C:\Users\dibussol\Desktop\ChrisSchool\Code-Documentation-Samples\GameDevelopment\GameArchitecture\Lab1_BlackJack\BlackJack\BlackJack\Player.cpp(2,10): warning C4067: unexpected tokens following preprocessor directive - expected a newline
C:\Users\dibussol\Desktop\ChrisSchool\Code-Documentation-Samples\GameDevelopment\GameArchitecture\Lab1_BlackJack\BlackJack\BlackJack\Player.cpp(3,10): warning C4067: unexpected tokens following preprocessor directive - expected a newline
  Generating Code...
C:\Users\dibussol\Desktop\ChrisSchool\Code-Documentation-Samples\GameDevelopment\GameArchitecture\Lab1_BlackJack\BlackJack\BlackJack\Dealer.cpp(141): warning C4715: 'Dealer::checkWin': not all control paths return a value
  LINK : C:\Users\dibussol\Desktop\ChrisSchool\Code-Documentation-Samples\GameDevelopment\GameArchitecture\Lab1_BlackJack\BlackJack\x64\Debug\BlackJack.exe not found or not built by the last incremental link; performing full link
  BlackJack.vcxproj -> C:\Users\dibussol\Desktop\ChrisSchool\Code-Documentation-Samples\GameDevelopment\GameArchitecture\Lab1_BlackJack\BlackJack\x64\Debug\BlackJack.exe
